\BOOKMARK [0][-]{chapter.1}{\376\377\000O\000v\000e\000r\000v\000i\000e\000w\000\040\000o\000f\000\040\000t\000h\000e\000\040\000h\000a\000r\000d\000w\000a\000r\000e}{}% 1
\BOOKMARK [1][-]{section.1.1}{\376\377\000F\000e\000a\000t\000u\000r\000e\000s\000\040\000o\000f\000\040\000t\000h\000e\000\040\000D\000E\0001\0000\000-\000N\000a\000n\000o\000\040\000d\000e\000v\000e\000l\000o\000p\000m\000e\000n\000t\000\040\000b\000o\000a\000r\000d}{chapter.1}% 2
\BOOKMARK [1][-]{section.1.2}{\376\377\000P\000r\000o\000g\000r\000a\000m\000m\000a\000b\000l\000e\000\040\000l\000o\000g\000i\000c\000\040\000d\000e\000v\000i\000c\000e\000s}{chapter.1}% 3
\BOOKMARK [2][-]{subsection.1.2.1}{\376\377\000R\000O\000M\000\040\000b\000a\000s\000e\000d\000\040\000P\000L\000D\000s}{section.1.2}% 4
\BOOKMARK [2][-]{subsection.1.2.2}{\376\377\000P\000A\000L\000\040\000a\000n\000d\000\040\000P\000L\000A}{section.1.2}% 5
\BOOKMARK [2][-]{subsection.1.2.3}{\376\377\000P\000r\000o\000g\000r\000a\000m\000m\000i\000n\000g\000\040\000m\000e\000t\000h\000o\000d\000s}{section.1.2}% 6
\BOOKMARK [1][-]{section.1.3}{\376\377\000T\000h\000e\000\040\000c\000a\000s\000e\000\040\000o\000f\000\040\000F\000P\000G\000A\000s}{chapter.1}% 7
\BOOKMARK [2][-]{subsection.1.3.1}{\376\377\000P\000r\000o\000g\000r\000a\000m\000m\000a\000b\000l\000e\000\040\000l\000o\000g\000i\000c\000\040\000b\000l\000o\000c\000k\000s}{section.1.3}% 8
\BOOKMARK [2][-]{subsection.1.3.2}{\376\377\000N\000o\000n\000-\000p\000r\000o\000g\000r\000a\000m\000m\000a\000b\000l\000e\000\040\000b\000l\000o\000c\000k\000s}{section.1.3}% 9
\BOOKMARK [2][-]{subsection.1.3.3}{\376\377\000P\000r\000o\000g\000r\000a\000m\000m\000a\000b\000l\000e\000\040\000i\000n\000t\000e\000r\000c\000o\000n\000n\000e\000c\000t}{section.1.3}% 10
\BOOKMARK [2][-]{subsection.1.3.4}{\376\377\000P\000r\000o\000g\000r\000a\000m\000m\000a\000b\000l\000e\000\040\000I\000/\000O\000s}{section.1.3}% 11
\BOOKMARK [2][-]{subsection.1.3.5}{\376\377\000P\000r\000o\000g\000r\000a\000m\000m\000i\000n\000g\000\040\000t\000h\000e\000\040\000F\000P\000G\000A}{section.1.3}% 12
\BOOKMARK [1][-]{section.1.4}{\376\377\000I\000n\000s\000i\000d\000e\000\040\000C\000y\000c\000l\000o\000n\000e\000\040\000V}{chapter.1}% 13
\BOOKMARK [2][-]{subsection.1.4.1}{\376\377\000P\000r\000o\000g\000r\000a\000m\000m\000a\000b\000l\000e\000\040\000l\000o\000g\000i\000c\000\040\000s\000i\000d\000e}{section.1.4}% 14
\BOOKMARK [2][-]{subsection.1.4.2}{\376\377\000A\000R\000M\000\040\000p\000r\000o\000c\000e\000s\000s\000o\000r\000\040\000s\000i\000d\000e}{section.1.4}% 15
\BOOKMARK [2][-]{subsection.1.4.3}{\376\377\000C\000y\000c\000l\000o\000n\000e\000\040\000V\000\040\000i\000n\000t\000e\000r\000c\000o\000n\000n\000e\000c\000t}{section.1.4}% 16
\BOOKMARK [1][-]{section.1.5}{\376\377\000O\000n\000-\000b\000o\000a\000r\000d\000\040\000a\000n\000d\000\040\000o\000n\000-\000c\000h\000i\000p\000\040\000m\000e\000m\000o\000r\000i\000e\000s\000\040\000c\000o\000m\000p\000a\000r\000i\000s\000o\000n}{chapter.1}% 17
\BOOKMARK [2][-]{subsection.1.5.1}{\376\377\000D\000D\000R\0003\000\040\000m\000e\000m\000o\000r\000y}{section.1.5}% 18
\BOOKMARK [2][-]{subsection.1.5.2}{\376\377\000M\0001\0000\000K\000\040\000a\000n\000d\000\040\000M\000L\000A\000B\000\040\000m\000e\000m\000o\000r\000i\000e\000s}{section.1.5}% 19
\BOOKMARK [0][-]{chapter.2}{\376\377\000H\000a\000r\000d\000w\000a\000r\000e\000\040\000d\000e\000s\000i\000g\000n\000\040\000f\000l\000o\000w\000\040\000o\000n\000\040\000F\000P\000G\000A}{}% 20
\BOOKMARK [1][-]{section.2.1}{\376\377\000D\000e\000s\000i\000g\000n\000\040\000f\000l\000o\000w}{chapter.2}% 21
\BOOKMARK [2][-]{subsection.2.1.1}{\376\377\000I\000/\000O\000\040\000P\000l\000a\000n\000n\000i\000n\000g}{section.2.1}% 22
\BOOKMARK [2][-]{subsection.2.1.2}{\376\377\000D\000e\000s\000i\000g\000n\000\040\000E\000n\000t\000r\000y}{section.2.1}% 23
\BOOKMARK [2][-]{subsection.2.1.3}{\376\377\000I\000n\000t\000e\000r\000c\000o\000n\000n\000e\000c\000t\000\040\000D\000e\000s\000i\000g\000n\000\040\000E\000n\000t\000r\000y}{section.2.1}% 24
\BOOKMARK [2][-]{subsection.2.1.4}{\376\377\000S\000i\000m\000u\000l\000a\000t\000i\000o\000n}{section.2.1}% 25
\BOOKMARK [2][-]{subsection.2.1.5}{\376\377\000S\000y\000n\000t\000h\000e\000s\000i\000s\000\040\000a\000n\000d\000\040\000F\000i\000t\000t\000e\000r}{section.2.1}% 26
\BOOKMARK [2][-]{subsection.2.1.6}{\376\377\000T\000i\000m\000i\000n\000g\000\040\000A\000n\000a\000l\000y\000s\000i\000s\000\040\000a\000n\000d\000\040\000D\000e\000s\000i\000g\000n\000\040\000O\000p\000t\000i\000m\000a\000l}{section.2.1}% 27
\BOOKMARK [2][-]{subsection.2.1.7}{\376\377\000O\000n\000-\000C\000h\000i\000p\000\040\000D\000e\000b\000u\000g}{section.2.1}% 28
\BOOKMARK [0][-]{chapter.3}{\376\377\000T\000h\000e\000\040\000B\000e\000t\000a\000\040\000m\000a\000c\000h\000i\000n\000e\000\040\000C\000P\000U\000\040\000a\000n\000d\000\040\000I\000O\000\040\000u\000n\000i\000t\000\040\000d\000e\000s\000i\000g\000n}{}% 29
\BOOKMARK [1][-]{section.3.1}{\376\377\000B\000e\000t\000a\000\040\000m\000a\000c\000h\000i\000n\000e\000\040\000c\000o\000m\000p\000o\000n\000e\000n\000t\000s}{chapter.3}% 30
\BOOKMARK [2][-]{subsection.3.1.1}{\376\377\000P\000r\000o\000g\000r\000a\000m\000\040\000c\000o\000u\000n\000t\000e\000r}{section.3.1}% 31
\BOOKMARK [2][-]{subsection.3.1.2}{\376\377\000A\000L\000U}{section.3.1}% 32
\BOOKMARK [2][-]{subsection.3.1.3}{\376\377\000M\000e\000m\000o\000r\000i\000e\000s\000,\000\040\000g\000e\000n\000e\000r\000a\000l\000i\000t\000i\000e\000s}{section.3.1}% 33
\BOOKMARK [2][-]{subsection.3.1.4}{\376\377\000I\000n\000s\000t\000r\000u\000c\000t\000i\000o\000n\000\040\000m\000e\000m\000o\000r\000y}{section.3.1}% 34
\BOOKMARK [2][-]{subsection.3.1.5}{\376\377\000D\000a\000t\000a\000\040\000m\000e\000m\000o\000r\000y}{section.3.1}% 35
\BOOKMARK [2][-]{subsection.3.1.6}{\376\377\000R\000e\000g\000i\000s\000t\000e\000r\000\040\000f\000i\000l\000e}{section.3.1}% 36
\BOOKMARK [2][-]{subsection.3.1.7}{\376\377\000C\000o\000n\000t\000r\000o\000l\000\040\000l\000o\000g\000i\000c}{section.3.1}% 37
\BOOKMARK [2][-]{subsection.3.1.8}{\376\377\000C\000l\000o\000c\000k\000\040\000c\000o\000n\000t\000r\000o\000l\000l\000e\000r}{section.3.1}% 38
\BOOKMARK [1][-]{section.3.2}{\376\377\000I\000n\000s\000t\000r\000u\000c\000t\000i\000o\000n\000\040\000S\000e\000t\000\040\000A\000r\000c\000h\000i\000t\000e\000c\000t\000u\000r\000e}{chapter.3}% 39
\BOOKMARK [2][-]{subsection.3.2.1}{\376\377\000I\000n\000s\000t\000r\000u\000c\000t\000i\000o\000n\000s\000\040\000f\000o\000r\000m\000a\000t\000s}{section.3.2}% 40
\BOOKMARK [2][-]{subsection.3.2.2}{\376\377\000I\000n\000s\000t\000r\000u\000c\000t\000i\000o\000n\000\040\000s\000e\000t}{section.3.2}% 41
\BOOKMARK [1][-]{section.3.3}{\376\377\000B\000e\000t\000a\000\040\000m\000a\000c\000h\000i\000n\000e}{chapter.3}% 42
\BOOKMARK [2][-]{subsection.3.3.1}{\376\377\000M\000o\000d\000u\000l\000e\000\040\000s\000e\000q\000u\000e\000n\000c\000e}{section.3.3}% 43
\BOOKMARK [2][-]{subsection.3.3.2}{\376\377\000I\000n\000s\000t\000r\000u\000c\000t\000i\000o\000n\000s\000\040\000a\000n\000d\000\040\000c\000o\000n\000t\000r\000o\000l\000\040\000l\000o\000g\000i\000c}{section.3.3}% 44
\BOOKMARK [2][-]{subsection.3.3.3}{\376\377\000O\000t\000h\000e\000r\000\040\000s\000i\000g\000n\000a\000l\000s\000\040\000a\000n\000d\000\040\000p\000o\000r\000t\000s}{section.3.3}% 45
\BOOKMARK [1][-]{section.3.4}{\376\377\000I\000O\000\040\000U\000n\000i\000t\000\040\000\050\000I\000O\000U\000\051}{chapter.3}% 46
\BOOKMARK [0][-]{chapter.4}{\376\377\000G\000P\000U\000\040\000a\000n\000d\000\040\000C\000l\000o\000c\000k\000\040\000U\000n\000i\000t\000\040\000d\000e\000s\000i\000g\000n}{}% 47
\BOOKMARK [1][-]{section.4.1}{\376\377\000G\000P\000U}{chapter.4}% 48
\BOOKMARK [2][-]{subsection.4.1.1}{\376\377\000S\000c\000r\000e\000e\000n\000\040\000a\000n\000d\000\040\000t\000i\000l\000e\000s\000\040\000r\000e\000p\000r\000e\000s\000e\000n\000t\000a\000t\000i\000o\000n}{section.4.1}% 49
\BOOKMARK [2][-]{subsection.4.1.2}{\376\377\000M\000a\000s\000k\000\040\000r\000e\000p\000r\000e\000s\000e\000n\000t\000a\000t\000i\000o\000n}{section.4.1}% 50
\BOOKMARK [2][-]{subsection.4.1.3}{\376\377\000U\000s\000i\000n\000g\000\040\000t\000h\000e\000\040\000G\000P\000U}{section.4.1}% 51
\BOOKMARK [2][-]{subsection.4.1.4}{\376\377\000V\000E\000S\000A\000\040\000p\000r\000o\000t\000o\000c\000o\000l}{section.4.1}% 52
\BOOKMARK [1][-]{section.4.2}{\376\377\000G\000P\000U\000\040\000c\000o\000m\000p\000o\000n\000e\000n\000t\000s}{chapter.4}% 53
\BOOKMARK [2][-]{subsection.4.2.1}{\376\377\000G\000r\000a\000p\000h\000i\000c\000\040\000m\000e\000m\000o\000r\000y}{section.4.2}% 54
\BOOKMARK [2][-]{subsection.4.2.2}{\376\377\000M\000a\000s\000k\000\040\000m\000e\000m\000o\000r\000y}{section.4.2}% 55
\BOOKMARK [2][-]{subsection.4.2.3}{\376\377\000S\000h\000i\000f\000t\000e\000r}{section.4.2}% 56
\BOOKMARK [2][-]{subsection.4.2.4}{\376\377\000M\000a\000s\000k\000\040\000L\000o\000g\000i\000c\000\040\000U\000n\000i\000t\000\040\000\050\000M\000L\000U\000\051}{section.4.2}% 57
\BOOKMARK [2][-]{subsection.4.2.5}{\376\377\000G\000r\000a\000p\000h\000i\000c\000\040\000C\000o\000u\000n\000t\000e\000r\000\040\000\050\000G\000C\000\051}{section.4.2}% 58
\BOOKMARK [2][-]{subsection.4.2.6}{\376\377\000S\000y\000n\000c\000h\000r\000o\000n\000i\000z\000e\000r}{section.4.2}% 59
\BOOKMARK [2][-]{subsection.4.2.7}{\376\377\000I\0002\000C\000\040\000H\000D\000M\000I\000\040\000C\000o\000n\000f\000i\000g}{section.4.2}% 60
\BOOKMARK [2][-]{subsection.4.2.8}{\376\377\000C\000o\000m\000p\000l\000e\000t\000e\000\040\000c\000i\000r\000c\000u\000i\000t}{section.4.2}% 61
\BOOKMARK [1][-]{section.4.3}{\376\377\000C\000l\000o\000c\000k\000\040\000U\000n\000i\000t\000\040\000\050\000C\000L\000K\000U\000\051}{chapter.4}% 62
\BOOKMARK [0][-]{chapter.5}{\376\377\000M\000e\000m\000o\000r\000y\000\040\000A\000c\000c\000e\000s\000s\000\040\000U\000n\000i\000t\000\040\000a\000n\000d\000\040\000C\000o\000n\000t\000r\000o\000l\000\040\000U\000n\000i\000t\000\040\000d\000e\000s\000i\000g\000n}{}% 63
\BOOKMARK [1][-]{section.5.1}{\376\377\000C\000o\000m\000m\000u\000n\000i\000c\000a\000t\000i\000o\000n\000\040\000b\000e\000t\000w\000e\000e\000n\000\040\000A\000R\000M\000\040\000a\000n\000d\000\040\000F\000P\000G\000A\000\040\000s\000i\000d\000e\000s}{chapter.5}% 64
\BOOKMARK [2][-]{subsection.5.1.1}{\376\377\000R\000e\000a\000d\000\040\000o\000p\000e\000r\000a\000t\000i\000o\000n}{section.5.1}% 65
\BOOKMARK [2][-]{subsection.5.1.2}{\376\377\000W\000r\000i\000t\000e\000\040\000o\000p\000e\000r\000a\000t\000i\000o\000n}{section.5.1}% 66
\BOOKMARK [1][-]{section.5.2}{\376\377\000M\000e\000m\000o\000r\000y\000\040\000A\000c\000c\000e\000s\000s\000\040\000U\000n\000i\000t\000\040\000\050\000M\000A\000U\000\051}{chapter.5}% 67
\BOOKMARK [2][-]{subsection.5.2.1}{\376\377\000M\000e\000m\000o\000r\000y\000\040\000A\000c\000c\000e\000s\000s}{section.5.2}% 68
\BOOKMARK [2][-]{subsection.5.2.2}{\376\377\000M\000e\000m\000o\000r\000y\000\040\000A\000c\000c\000e\000s\000s\000\040\000U\000n\000i\000t\000\040\000c\000i\000r\000c\000u\000i\000t}{section.5.2}% 69
\BOOKMARK [1][-]{section.5.3}{\376\377\000C\000o\000n\000t\000r\000o\000l\000\040\000U\000n\000i\000t\000\040\000\050\000C\000T\000R\000L\000U\000\051}{chapter.5}% 70
\BOOKMARK [2][-]{subsection.5.3.1}{\376\377\000C\000o\000n\000t\000r\000o\000l\000\040\000U\000n\000i\000t\000\040\000c\000i\000r\000c\000u\000i\000t}{section.5.3}% 71
\BOOKMARK [0][-]{chapter.6}{\376\377\000S\000y\000s\000t\000e\000m\000\040\000d\000e\000s\000i\000g\000n\000\040\000a\000n\000d\000\040\000O\000p\000e\000r\000a\000t\000i\000n\000g\000\040\000S\000y\000s\000t\000e\000m}{}% 72
\BOOKMARK [0][-]{chapter.7}{\376\377\000A\000c\000c\000e\000s\000s\000i\000v\000i\000t\000y\000\040\000t\000o\000o\000l\000s\000\040\000a\000n\000d\000\040\000d\000e\000m\000o\000n\000s\000t\000r\000a\000t\000i\000o\000n\000s}{}% 73
\BOOKMARK [1][-]{section.7.1}{\376\377\000T\000o\000o\000l\000s}{chapter.7}% 74
\BOOKMARK [2][-]{subsection.7.1.1}{\376\377\000B\000e\000t\000a\000\040\000a\000s\000s\000e\000m\000b\000l\000e\000r}{section.7.1}% 75
\BOOKMARK [2][-]{subsection.7.1.2}{\376\377\000B\000e\000t\000a\000\040\000u\000t\000i\000l\000s}{section.7.1}% 76
\BOOKMARK [2][-]{subsection.7.1.3}{\376\377\000M\000a\000s\000k\000\040\000D\000r\000a\000w\000e\000r}{section.7.1}% 77
\BOOKMARK [1][-]{section.7.2}{\376\377\000A\000s\000s\000e\000m\000b\000l\000e\000r\000\040\000d\000e\000s\000m\000o\000n\000s\000t\000r\000a\000t\000i\000o\000n\000s}{chapter.7}% 78
\BOOKMARK [2][-]{subsection.7.2.1}{\376\377\000A\000s\000s\000e\000m\000b\000l\000e\000r\000\040\000l\000i\000b\000r\000a\000r\000i\000e\000s}{section.7.2}% 79
\BOOKMARK [2][-]{subsection.7.2.2}{\376\377\000H\000a\000n\000o\000\357\000\040\000t\000o\000w\000e\000r\000s}{section.7.2}% 80
\BOOKMARK [2][-]{subsection.7.2.3}{\376\377\000S\000t\000a\000c\000k\000e\000r\000\040\000g\000a\000m\000e}{section.7.2}% 81
